32
25 17 135 195
   0      83     -5    -1   -1   -1   -1   -1   -1   -1   -1
   1     108     -5    -1   -1    3   -1   -1   -1   -1   -1
   2      83     12    -1   -1   -1   -1    3   -1   -1   -1
   3     108     12     2   -1    4   -1   -1   -1    1   -1
   4     108     29    -1   -1    7   -1   -1   -1    3   -1
   5      58     46    -1   -1    9   -1    6   -1   -1   -1
   6      83     46     5    9   10   11    7   -1   -1   -1
   7     108     46     6   10   11   -1   -1   -1    4   -1
   8      33     63    -1   -1   12   -1    9   -1   -1   -1
   9      58     63     8   -1   -1   -1   -1    6    5   -1
  10      83     63    -1   -1   14   -1   11    7    6   -1
  11     108     63    10   -1   15   -1   -1   -1    7    6
  12      33     80    -1   -1   -1   -1   -1   -1    8   -1
  13      58     80    -1   -1   16   17   14   -1   -1   -1
  14      83     80    13   16   17   18   15   -1   10   -1
  15     108     80    14   17   18   -1   -1   -1   11   -1
  16      58     97    -1   -1   20   21   17   14   13   -1
  17      83     97    16   20   21   -1   18   15   14   13
  18     108     97    17   -1   -1   -1   -1   -1   15   14
  19      33    114    -1   -1   22   -1   20   -1   -1   -1
  20      58    114    19   -1   23   -1   21   17   16   -1
  21      83    114    20   -1   -1   -1   -1   -1   17   16
  22      33    131    -1   24   25   -1   23   -1   19   -1
  23      58    131    22   -1   26   -1   -1   -1   20   -1
  24       8    148    -1   -1   28   -1   25   22   -1   -1
  25      33    148    24   -1   29   -1   -1   -1   22   -1
  26      58    148    -1   -1   -1   -1   -1   -1   23   -1
  27     -17    165    -1   -1   -1   -1   28   -1   -1   -1
  28       8    165    27   -1   -1   -1   -1   -1   24   -1
  29      33    165    -1   -1   31   -1   30   -1   25   -1
  30      58    165    29   -1   -1   -1   -1   -1   -1   -1
  31      33    182    -1   -1   -1   -1   -1   -1   29   -1
