64
13 12 135 195
   0     106     -8    -1    1    2    3   -1   -1   -1   -1
   1      93      4    -1   -1    4    5    2    0   -1   -1
   2     106      4     1    4    5    6    3   -1    0   -1
   3     119      4     2    5    6   -1   -1   -1   -1    0
   4      93     16    -1   -1   -1    7    5    2    1   -1
   5     106     16     4   -1    7    8    6    3    2    1
   6     119     16     5    7    8   -1   -1   -1    3    2
   7     106     28    -1   -1    9   10    8    6    5    4
   8     119     28     7    9   10   11   -1   -1    6    5
   9     106     40    -1   15   16   17   10    8    7   -1
  10     119     40     9   16   17   -1   11   -1    8    7
  11     132     40    10   17   -1   -1   -1   -1   -1    8
  12      54     52    -1   18   19   20   13   -1   -1   -1
  13      67     52    12   19   20   21   14   -1   -1   -1
  14      80     52    13   20   21   22   15   -1   -1   -1
  15      93     52    14   21   22   23   16    9   -1   -1
  16     106     52    15   22   23   24   17   10    9   -1
  17     119     52    16   23   24   -1   -1   11   10    9
  18      41     64    -1   -1   25   -1   19   12   -1   -1
  19      54     64    18   25   -1   -1   20   13   12   -1
  20      67     64    19   -1   -1   26   21   14   13   12
  21      80     64    20   -1   26   27   22   15   14   13
  22      93     64    21   26   27   28   23   16   15   14
  23     106     64    22   27   28   29   24   17   16   15
  24     119     64    23   28   29   -1   -1   -1   17   16
  25      41     76    -1   -1   -1   -1   -1   19   18   -1
  26      80     76    -1   -1   30   31   27   22   21   20
  27      93     76    26   30   31   32   28   23   22   21
  28     106     76    27   31   32   -1   29   24   23   22
  29     119     76    28   32   -1   -1   -1   -1   24   23
  30      80     88    -1   33   34   35   31   27   26   -1
  31      93     88    30   34   35   36   32   28   27   26
  32     106     88    31   35   36   -1   -1   29   28   27
  33      67    100    -1   38   39   40   34   30   -1   -1
  34      80    100    33   39   40   41   35   31   30   -1
  35      93    100    34   40   41   -1   36   32   31   30
  36     106    100    35   41   -1   -1   -1   -1   32   31
  37      41    112    -1   -1   42   43   38   -1   -1   -1
  38      54    112    37   42   43   44   39   33   -1   -1
  39      67    112    38   43   44   -1   40   34   33   -1
  40      80    112    39   44   -1   45   41   35   34   33
  41      93    112    40   -1   45   -1   -1   36   35   34
  42      41    124    -1   46   47   48   43   38   37   -1
  43      54    124    42   47   48   49   44   39   38   37
  44      67    124    43   48   49   -1   -1   40   39   38
  45      93    124    -1   -1   -1   -1   -1   -1   41   40
  46      28    136    -1   50   51   52   47   42   -1   -1
  47      41    136    46   51   52   -1   48   43   42   -1
  48      54    136    47   52   -1   53   49   44   43   42
  49      67    136    48   -1   53   54   -1   -1   44   43
  50      15    148    -1   55   56   57   51   46   -1   -1
  51      28    148    50   56   57   58   52   47   46   -1
  52      41    148    51   57   58   59   -1   48   47   46
  53      67    148    -1   59   -1   -1   54   -1   49   48
  54      80    148    53   -1   -1   -1   -1   -1   -1   49
  55       2    160    -1   -1   -1   60   56   50   -1   -1
  56      15    160    55   -1   60   61   57   51   50   -1
  57      28    160    56   60   61   62   58   52   51   50
  58      41    160    57   61   62   -1   59   -1   52   51
  59      54    160    58   62   -1   -1   -1   53   -1   52
  60      15    172    -1   -1   -1   -1   61   57   56   55
  61      28    172    60   -1   -1   63   62   58   57   56
  62      41    172    61   -1   63   -1   -1   59   58   57
  63      41    184    -1   -1   -1   -1   -1   -1   62   61
